<?xml version="1.0" encoding="UTF-8"?>
<!-- Generated by org.testng.reporters.JUnitReportReporter -->
<testsuite hostname="SwarupKshatriya" failures="0" tests="12" name="HelloAppium.TestRunnerForEarnApp" time="3960.126" errors="0" timestamp="2024-10-18T00:29:13 EDT" skipped="8">
  <testcase classname="HelloAppium.TestRunnerForEarnApp" name="TestCaseEarnApp" time="1208.324"/>
  <testcase classname="HelloAppium.TestRunnerForEarnApp" name="TestCaseEarnApp" time="1179.575"/>
  <testcase classname="HelloAppium.TestRunnerForEarnApp" name="TestCaseEarnApp" time="156.963"/>
  <testcase classname="HelloAppium.TestRunnerForEarnApp" name="TestCaseEarnApp" time="1415.264"/>
  <testcase classname="HelloAppium.TestRunnerForEarnApp" name="TestCase6">
    <skipped/>
  </testcase> <!-- TestCase6 -->
  <testcase classname="HelloAppium.TestRunnerForEarnApp" name="TestCase7">
    <skipped/>
  </testcase> <!-- TestCase7 -->
  <testcase classname="HelloAppium.TestRunnerForEarnApp" name="TestCase8">
    <skipped/>
  </testcase> <!-- TestCase8 -->
  <testcase classname="HelloAppium.TestRunnerForEarnApp" name="TestCase1">
    <skipped/>
  </testcase> <!-- TestCase1 -->
  <testcase classname="HelloAppium.TestRunnerForEarnApp" name="TestCase2">
    <skipped/>
  </testcase> <!-- TestCase2 -->
  <testcase classname="HelloAppium.TestRunnerForEarnApp" name="TestCase3">
    <skipped/>
  </testcase> <!-- TestCase3 -->
  <testcase classname="HelloAppium.TestRunnerForEarnApp" name="TestCase4">
    <skipped/>
  </testcase> <!-- TestCase4 -->
  <testcase classname="HelloAppium.TestRunnerForEarnApp" name="TestCase5">
    <skipped/>
  </testcase> <!-- TestCase5 -->
</testsuite> <!-- HelloAppium.TestRunnerForEarnApp -->
