<?xml version="1.0" encoding="UTF-8"?>
<!-- Generated by org.testng.reporters.JUnitReportReporter -->
<testsuite hostname="SwarupKshatriya" failures="0" tests="89" name="HelloAppium.TestRunnerForEarnApp" time="15486.513" errors="0" timestamp="2024-11-01T02:58:22 EDT" skipped="8">
  <testcase classname="HelloAppium.TestRunnerForEarnApp" name="TestCaseEarnApp" time="111.434"/>
  <testcase classname="HelloAppium.TestRunnerForEarnApp" name="TestCaseEarnApp" time="110.812"/>
  <testcase classname="HelloAppium.TestRunnerForEarnApp" name="TestCaseEarnApp" time="111.574"/>
  <testcase classname="HelloAppium.TestRunnerForEarnApp" name="TestCaseEarnApp" time="111.621"/>
  <testcase classname="HelloAppium.TestRunnerForEarnApp" name="TestCaseEarnApp" time="110.867"/>
  <testcase classname="HelloAppium.TestRunnerForEarnApp" name="TestCaseEarnApp" time="111.028"/>
  <testcase classname="HelloAppium.TestRunnerForEarnApp" name="TestCaseEarnApp" time="112.098"/>
  <testcase classname="HelloAppium.TestRunnerForEarnApp" name="TestCaseEarnApp" time="110.842"/>
  <testcase classname="HelloAppium.TestRunnerForEarnApp" name="TestCaseEarnApp" time="726.649"/>
  <testcase classname="HelloAppium.TestRunnerForEarnApp" name="TestCaseEarnApp" time="110.967"/>
  <testcase classname="HelloAppium.TestRunnerForEarnApp" name="TestCaseEarnApp" time="111.300"/>
  <testcase classname="HelloAppium.TestRunnerForEarnApp" name="TestCaseEarnApp" time="111.305"/>
  <testcase classname="HelloAppium.TestRunnerForEarnApp" name="TestCaseEarnApp" time="1095.968"/>
  <testcase classname="HelloAppium.TestRunnerForEarnApp" name="TestCaseEarnApp" time="1366.580"/>
  <testcase classname="HelloAppium.TestRunnerForEarnApp" name="TestCaseEarnApp" time="111.919"/>
  <testcase classname="HelloAppium.TestRunnerForEarnApp" name="TestCaseEarnApp" time="112.585"/>
  <testcase classname="HelloAppium.TestRunnerForEarnApp" name="TestCaseEarnApp" time="110.140"/>
  <testcase classname="HelloAppium.TestRunnerForEarnApp" name="TestCaseEarnApp" time="111.819"/>
  <testcase classname="HelloAppium.TestRunnerForEarnApp" name="TestCaseEarnApp" time="110.576"/>
  <testcase classname="HelloAppium.TestRunnerForEarnApp" name="TestCaseEarnApp" time="110.361"/>
  <testcase classname="HelloAppium.TestRunnerForEarnApp" name="TestCaseEarnApp" time="1353.485"/>
  <testcase classname="HelloAppium.TestRunnerForEarnApp" name="TestCaseEarnApp" time="111.381"/>
  <testcase classname="HelloAppium.TestRunnerForEarnApp" name="TestCaseEarnApp" time="111.165"/>
  <testcase classname="HelloAppium.TestRunnerForEarnApp" name="TestCaseEarnApp" time="110.008"/>
  <testcase classname="HelloAppium.TestRunnerForEarnApp" name="TestCaseEarnApp" time="111.126"/>
  <testcase classname="HelloAppium.TestRunnerForEarnApp" name="TestCaseEarnApp" time="111.335"/>
  <testcase classname="HelloAppium.TestRunnerForEarnApp" name="TestCaseEarnApp" time="111.323"/>
  <testcase classname="HelloAppium.TestRunnerForEarnApp" name="TestCaseEarnApp" time="114.910"/>
  <testcase classname="HelloAppium.TestRunnerForEarnApp" name="TestCaseEarnApp" time="110.162"/>
  <testcase classname="HelloAppium.TestRunnerForEarnApp" name="TestCaseEarnApp" time="111.106"/>
  <testcase classname="HelloAppium.TestRunnerForEarnApp" name="TestCaseEarnApp" time="112.494"/>
  <testcase classname="HelloAppium.TestRunnerForEarnApp" name="TestCaseEarnApp" time="110.087"/>
  <testcase classname="HelloAppium.TestRunnerForEarnApp" name="TestCaseEarnApp" time="111.295"/>
  <testcase classname="HelloAppium.TestRunnerForEarnApp" name="TestCaseEarnApp" time="111.117"/>
  <testcase classname="HelloAppium.TestRunnerForEarnApp" name="TestCaseEarnApp" time="2489.876"/>
  <testcase classname="HelloAppium.TestRunnerForEarnApp" name="TestCaseEarnApp" time="111.580"/>
  <testcase classname="HelloAppium.TestRunnerForEarnApp" name="TestCaseEarnApp" time="111.857"/>
  <testcase classname="HelloAppium.TestRunnerForEarnApp" name="TestCaseEarnApp" time="110.320"/>
  <testcase classname="HelloAppium.TestRunnerForEarnApp" name="TestCaseEarnApp" time="111.538"/>
  <testcase classname="HelloAppium.TestRunnerForEarnApp" name="TestCaseEarnApp" time="111.421"/>
  <testcase classname="HelloAppium.TestRunnerForEarnApp" name="TestCaseEarnApp" time="110.190"/>
  <testcase classname="HelloAppium.TestRunnerForEarnApp" name="TestCaseEarnApp" time="111.550"/>
  <testcase classname="HelloAppium.TestRunnerForEarnApp" name="TestCaseEarnApp" time="110.891"/>
  <testcase classname="HelloAppium.TestRunnerForEarnApp" name="TestCaseEarnApp" time="112.717"/>
  <testcase classname="HelloAppium.TestRunnerForEarnApp" name="TestCaseEarnApp" time="110.421"/>
  <testcase classname="HelloAppium.TestRunnerForEarnApp" name="TestCaseEarnApp" time="111.554"/>
  <testcase classname="HelloAppium.TestRunnerForEarnApp" name="TestCaseEarnApp" time="111.602"/>
  <testcase classname="HelloAppium.TestRunnerForEarnApp" name="TestCaseEarnApp" time="110.685"/>
  <testcase classname="HelloAppium.TestRunnerForEarnApp" name="TestCaseEarnApp" time="111.738"/>
  <testcase classname="HelloAppium.TestRunnerForEarnApp" name="TestCaseEarnApp" time="110.736"/>
  <testcase classname="HelloAppium.TestRunnerForEarnApp" name="TestCaseEarnApp" time="110.352"/>
  <testcase classname="HelloAppium.TestRunnerForEarnApp" name="TestCaseEarnApp" time="111.856"/>
  <testcase classname="HelloAppium.TestRunnerForEarnApp" name="TestCaseEarnApp" time="111.204"/>
  <testcase classname="HelloAppium.TestRunnerForEarnApp" name="TestCaseEarnApp" time="110.660"/>
  <testcase classname="HelloAppium.TestRunnerForEarnApp" name="TestCaseEarnApp" time="111.313"/>
  <testcase classname="HelloAppium.TestRunnerForEarnApp" name="TestCaseEarnApp" time="111.231"/>
  <testcase classname="HelloAppium.TestRunnerForEarnApp" name="TestCaseEarnApp" time="110.817"/>
  <testcase classname="HelloAppium.TestRunnerForEarnApp" name="TestCaseEarnApp" time="111.164"/>
  <testcase classname="HelloAppium.TestRunnerForEarnApp" name="TestCaseEarnApp" time="111.520"/>
  <testcase classname="HelloAppium.TestRunnerForEarnApp" name="TestCaseEarnApp" time="110.794"/>
  <testcase classname="HelloAppium.TestRunnerForEarnApp" name="TestCaseEarnApp" time="110.931"/>
  <testcase classname="HelloAppium.TestRunnerForEarnApp" name="TestCaseEarnApp" time="111.452"/>
  <testcase classname="HelloAppium.TestRunnerForEarnApp" name="TestCaseEarnApp" time="110.048"/>
  <testcase classname="HelloAppium.TestRunnerForEarnApp" name="TestCaseEarnApp" time="111.021"/>
  <testcase classname="HelloAppium.TestRunnerForEarnApp" name="TestCaseEarnApp" time="111.417"/>
  <testcase classname="HelloAppium.TestRunnerForEarnApp" name="TestCaseEarnApp" time="110.469"/>
  <testcase classname="HelloAppium.TestRunnerForEarnApp" name="TestCaseEarnApp" time="111.745"/>
  <testcase classname="HelloAppium.TestRunnerForEarnApp" name="TestCaseEarnApp" time="110.845"/>
  <testcase classname="HelloAppium.TestRunnerForEarnApp" name="TestCaseEarnApp" time="112.835"/>
  <testcase classname="HelloAppium.TestRunnerForEarnApp" name="TestCaseEarnApp" time="111.563"/>
  <testcase classname="HelloAppium.TestRunnerForEarnApp" name="TestCaseEarnApp" time="111.207"/>
  <testcase classname="HelloAppium.TestRunnerForEarnApp" name="TestCaseEarnApp" time="111.505"/>
  <testcase classname="HelloAppium.TestRunnerForEarnApp" name="TestCaseEarnApp" time="111.276"/>
  <testcase classname="HelloAppium.TestRunnerForEarnApp" name="TestCaseEarnApp" time="111.046"/>
  <testcase classname="HelloAppium.TestRunnerForEarnApp" name="TestCaseEarnApp" time="112.258"/>
  <testcase classname="HelloAppium.TestRunnerForEarnApp" name="TestCaseEarnApp" time="111.394"/>
  <testcase classname="HelloAppium.TestRunnerForEarnApp" name="TestCaseEarnApp" time="110.902"/>
  <testcase classname="HelloAppium.TestRunnerForEarnApp" name="TestCaseEarnApp" time="110.247"/>
  <testcase classname="HelloAppium.TestRunnerForEarnApp" name="TestCaseEarnApp" time="111.290"/>
  <testcase classname="HelloAppium.TestRunnerForEarnApp" name="TestCaseEarnApp" time="110.663"/>
  <testcase classname="HelloAppium.TestRunnerForEarnApp" name="TestCaseEarnApp" time="111.373"/>
  <testcase classname="HelloAppium.TestRunnerForEarnApp" name="TestCase4">
    <skipped/>
  </testcase> <!-- TestCase4 -->
  <testcase classname="HelloAppium.TestRunnerForEarnApp" name="TestCase7">
    <skipped/>
  </testcase> <!-- TestCase7 -->
  <testcase classname="HelloAppium.TestRunnerForEarnApp" name="TestCase6">
    <skipped/>
  </testcase> <!-- TestCase6 -->
  <testcase classname="HelloAppium.TestRunnerForEarnApp" name="TestCase3">
    <skipped/>
  </testcase> <!-- TestCase3 -->
  <testcase classname="HelloAppium.TestRunnerForEarnApp" name="TestCase2">
    <skipped/>
  </testcase> <!-- TestCase2 -->
  <testcase classname="HelloAppium.TestRunnerForEarnApp" name="TestCase5">
    <skipped/>
  </testcase> <!-- TestCase5 -->
  <testcase classname="HelloAppium.TestRunnerForEarnApp" name="TestCase1">
    <skipped/>
  </testcase> <!-- TestCase1 -->
  <testcase classname="HelloAppium.TestRunnerForEarnApp" name="TestCase8">
    <skipped/>
  </testcase> <!-- TestCase8 -->
</testsuite> <!-- HelloAppium.TestRunnerForEarnApp -->
