<?xml version="1.0" encoding="UTF-8"?>
<!-- Generated by org.testng.reporters.JUnitReportReporter -->
<testsuite hostname="SwarupKshatriya" failures="0" tests="12" name="HelloAppium.TestRunnerForEarnApp" time="4822.048" errors="0" timestamp="2024-10-17T17:23:39 EDT" skipped="8">
  <testcase classname="HelloAppium.TestRunnerForEarnApp" name="TestCaseEarnApp" time="1218.150"/>
  <system-out/>
  <testcase classname="HelloAppium.TestRunnerForEarnApp" name="TestCaseEarnApp" time="1204.495"/>
  <system-out/>
  <testcase classname="HelloAppium.TestRunnerForEarnApp" name="TestCaseEarnApp" time="1222.226"/>
  <system-out/>
  <testcase classname="HelloAppium.TestRunnerForEarnApp" name="TestCaseEarnApp" time="1177.177"/>
  <system-out/>
  <testcase classname="HelloAppium.TestRunnerForEarnApp" name="TestCase6">
    <skipped/>
  </testcase> <!-- TestCase6 -->
  <system-out/>
  <testcase classname="HelloAppium.TestRunnerForEarnApp" name="TestCase7">
    <skipped/>
  </testcase> <!-- TestCase7 -->
  <system-out/>
  <testcase classname="HelloAppium.TestRunnerForEarnApp" name="TestCase4">
    <skipped/>
  </testcase> <!-- TestCase4 -->
  <system-out/>
  <testcase classname="HelloAppium.TestRunnerForEarnApp" name="TestCase5">
    <skipped/>
  </testcase> <!-- TestCase5 -->
  <system-out/>
  <testcase classname="HelloAppium.TestRunnerForEarnApp" name="TestCase2">
    <skipped/>
  </testcase> <!-- TestCase2 -->
  <system-out/>
  <testcase classname="HelloAppium.TestRunnerForEarnApp" name="TestCase3">
    <skipped/>
  </testcase> <!-- TestCase3 -->
  <system-out/>
  <testcase classname="HelloAppium.TestRunnerForEarnApp" name="TestCase1">
    <skipped/>
  </testcase> <!-- TestCase1 -->
  <system-out/>
  <testcase classname="HelloAppium.TestRunnerForEarnApp" name="TestCase8">
    <skipped/>
  </testcase> <!-- TestCase8 -->
  <system-out/>
</testsuite> <!-- HelloAppium.TestRunnerForEarnApp -->
